Using pre-set license

 COMMAND LINE ARGUMENTS:
/Applications/Unity/Hub/Editor/2020.3.9f1/Unity.app/Contents/MacOS/Unity
-adb2
-batchMode
-noUpm
-name
AssetImportWorker0
-projectPath
/Users/zacharyzhang/Documents/Unity-2-Platforming-Game/Unity-2-Tower-Defense-Template/-i0pjlnk,m/Drone
-logFile
Logs/AssetImportWorker0.log
-srvPort
51830
Successfully changed project path to: /Users/zacharyzhang/Documents/Unity-2-Platforming-Game/Unity-2-Tower-Defense-Template/-i0pjlnk,m/Drone
/Users/zacharyzhang/Documents/Unity-2-Platforming-Game/Unity-2-Tower-Defense-Template/-i0pjlnk,m/Drone
Using Asset Import Pipeline V2.
Refreshing native plugins compatible for Editor in 85.46 ms, found 1 plugins.
Preloading 0 native plugins for Editor in 0.00 ms.
Initialize engine version: 2020.3.9f1 (108be757e447)
[Subsystems] Discovering subsystems at path /Applications/Unity/Hub/Editor/2020.3.9f1/Unity.app/Contents/Resources/UnitySubsystems
[Subsystems] Discovering subsystems at path /Users/zacharyzhang/Documents/Unity-2-Platforming-Game/Unity-2-Tower-Defense-Template/-i0pjlnk,m/Drone/Assets
GfxDevice: creating device client; threaded=0
2021-06-05 09:49:06.342 Unity[69614:956284] Color LCD preferred device: AMD Radeon Pro 560X (high power)
2021-06-05 09:49:06.342 Unity[69614:956284] Metal devices available: 2
2021-06-05 09:49:06.342 Unity[69614:956284] 0: AMD Radeon Pro 560X (high power)
2021-06-05 09:49:06.342 Unity[69614:956284] 1: Intel(R) UHD Graphics 630 (low power)
2021-06-05 09:49:06.343 Unity[69614:956284] Using device AMD Radeon Pro 560X (high power)
Initializing Metal device caps: AMD Radeon Pro 560X
Shader 'Universal Render Pipeline/Particles/Lit': fallback shader 'Universal Render Pipeline/Particles/SimpleLit' not found
Initialize mono
Mono path[0] = '/Applications/Unity/Hub/Editor/2020.3.9f1/Unity.app/Contents/Managed'
Mono path[1] = '/Applications/Unity/Hub/Editor/2020.3.9f1/Unity.app/Contents/MonoBleedingEdge/lib/mono/unityjit'
Mono config path = '/Applications/Unity/Hub/Editor/2020.3.9f1/Unity.app/Contents/MonoBleedingEdge/etc'
Using monoOptions --debugger-agent=transport=dt_socket,embedding=1,server=y,suspend=n,address=127.0.0.1:56614
Begin MonoManager ReloadAssembly
Registering precompiled unity dll's ...
Register platform support module: /Applications/Unity/Hub/Editor/2020.3.9f1/PlaybackEngines/WebGLSupport/UnityEditor.WebGL.Extensions.dll
Register platform support module: /Applications/Unity/Hub/Editor/2020.3.9f1/Unity.app/Contents/PlaybackEngines/MacStandaloneSupport/UnityEditor.OSXStandalone.Extensions.dll
Registered in 0.003231 seconds.
Native extension for OSXStandalone target not found
Native extension for WebGL target not found
Refreshing native plugins compatible for Editor in 82.96 ms, found 1 plugins.
Preloading 0 native plugins for Editor in 0.00 ms.
Mono: successfully reloaded assembly
- Completed reload, in  1.976 seconds
Platform modules already initialized, skipping
Registering precompiled user dll's ...
Registered in 0.003633 seconds.
Begin MonoManager ReloadAssembly
Native extension for OSXStandalone target not found
Native extension for WebGL target not found
Refreshing native plugins compatible for Editor in 88.63 ms, found 1 plugins.
Preloading 0 native plugins for Editor in 0.00 ms.
Mono: successfully reloaded assembly
- Completed reload, in  2.652 seconds
Platform modules already initialized, skipping
========================================================================
Worker process is ready to serve import requests
Shader 'Universal Render Pipeline/Particles/Lit': fallback shader 'Universal Render Pipeline/Particles/SimpleLit' not found
Launching external process: /Applications/Unity/Hub/Editor/2020.3.9f1/Unity.app/Contents/Tools/UnityShaderCompiler
Launched and connected shader compiler UnityShaderCompiler after 0.02 seconds
Refreshing native plugins compatible for Editor in 1.15 ms, found 1 plugins.
Preloading 0 native plugins for Editor in 0.00 ms.
Unloading 3004 Unused Serialized files (Serialized files now loaded: 0)
System memory in use before: 228.0 MB.
System memory in use after: 228.1 MB.

Unloading 99 unused Assets to reduce memory usage. Loaded Objects now: 3439.
Total: 4.327331 ms (FindLiveObjects: 0.350030 ms CreateObjectMapping: 0.180132 ms MarkObjects: 3.439846 ms  DeleteObjects: 0.354929 ms)

========================================================================
Received Import Request.
  path: Assets/Arena.asset
  artifactKey: Guid(d16f41fbc78c4da4a821380b4c092bee) Importer(815301076,1909f56bfc062723c751e8b465ee728b)
Start importing Assets/Arena.asset using Guid(d16f41fbc78c4da4a821380b4c092bee) Importer(815301076,1909f56bfc062723c751e8b465ee728b)  -> (artifact id: 'f3c7c6b47c731ecb27c7f3d9d7ea41c4') in 0.063667 seconds
  Import took 0.070177 seconds .

========================================================================
Received Import Request.
  Time since last request: 0.000263 seconds.
  path: Assets/Readme.asset
  artifactKey: Guid(83c2ed844a8c74b779a4c823d16594b1) Importer(815301076,1909f56bfc062723c751e8b465ee728b)
Start importing Assets/Readme.asset using Guid(83c2ed844a8c74b779a4c823d16594b1) Importer(815301076,1909f56bfc062723c751e8b465ee728b)  -> (artifact id: '8ffd2c44ffeb50c574abb5d0c4453328') in 0.003207 seconds
  Import took 0.008327 seconds .

========================================================================
Received Import Request.
  Time since last request: 0.069771 seconds.
  path: Assets/Arena.asset
  artifactKey: Guid(d16f41fbc78c4da4a821380b4c092bee) Importer(815301076,1909f56bfc062723c751e8b465ee728b)
Start importing Assets/Arena.asset using Guid(d16f41fbc78c4da4a821380b4c092bee) Importer(815301076,1909f56bfc062723c751e8b465ee728b)  -> (artifact id: 'f3c7c6b47c731ecb27c7f3d9d7ea41c4') in 0.005548 seconds
  Import took 0.010954 seconds .

========================================================================
Received Import Request.
  Time since last request: 6.291808 seconds.
  path: Assets/Scenes/Drone.unity
  artifactKey: Guid(2b8077ad2c36f6749b8198141fbb5cfd) Importer(815301076,1909f56bfc062723c751e8b465ee728b)
Start importing Assets/Scenes/Drone.unity using Guid(2b8077ad2c36f6749b8198141fbb5cfd) Importer(815301076,1909f56bfc062723c751e8b465ee728b)  -> (artifact id: '1cd130c499b01ea76bda6e4dd530c8c4') in 0.001272 seconds
  Import took 0.006785 seconds .

========================================================================
Received Import Request.
  Time since last request: 0.010446 seconds.
  path: Assets/Scenes/Drone.unity
  artifactKey: Guid(2b8077ad2c36f6749b8198141fbb5cfd) Importer(815301076,1909f56bfc062723c751e8b465ee728b)
Start importing Assets/Scenes/Drone.unity using Guid(2b8077ad2c36f6749b8198141fbb5cfd) Importer(815301076,1909f56bfc062723c751e8b465ee728b)  -> (artifact id: '1cd130c499b01ea76bda6e4dd530c8c4') in 0.001314 seconds
  Import took 0.007513 seconds .

========================================================================
Received Prepare
Registering precompiled user dll's ...
Registered in 0.001373 seconds.
Begin MonoManager ReloadAssembly
Native extension for OSXStandalone target not found
Native extension for WebGL target not found
Refreshing native plugins compatible for Editor in 0.69 ms, found 1 plugins.
Preloading 0 native plugins for Editor in 0.00 ms.
Warning: Annotation not found!
UnityEngine.StackTraceUtility:ExtractStackTrace () (at /Users/bokken/buildslave/unity/build/Runtime/Export/Scripting/StackTrace.cs:37)
UnityEditor.ProBuilder.EditorUtility:SetGizmoIconEnabled (System.Type,bool) (at Library/PackageCache/com.unity.probuilder@5.0.3/Editor/EditorCore/EditorUtility.cs:575)
UnityEditor.ProBuilder.HierarchyListener:.cctor () (at Library/PackageCache/com.unity.probuilder@5.0.3/Editor/EditorCore/HierarchyListener.cs:21)
System.Runtime.CompilerServices.RuntimeHelpers:RunClassConstructor (System.RuntimeTypeHandle)
UnityEditor.EditorAssemblies:ProcessInitializeOnLoadAttributes (System.Type[]) (at /Users/bokken/buildslave/unity/build/Editor/Mono/EditorAssemblies.cs:114)

[Library/PackageCache/com.unity.probuilder@5.0.3/Editor/EditorCore/EditorUtility.cs line 575]

Mono: successfully reloaded assembly
- Completed reload, in  1.602 seconds
Platform modules already initialized, skipping
Shader 'Universal Render Pipeline/Particles/Lit': fallback shader 'Universal Render Pipeline/Particles/SimpleLit' not found
Refreshing native plugins compatible for Editor in 0.66 ms, found 1 plugins.
Preloading 0 native plugins for Editor in 0.00 ms.
Unloading 2856 Unused Serialized files (Serialized files now loaded: 0)
System memory in use before: 223.7 MB.
System memory in use after: 223.9 MB.

Unloading 12 unused Assets to reduce memory usage. Loaded Objects now: 3449.
Total: 3.617340 ms (FindLiveObjects: 0.340611 ms CreateObjectMapping: 0.180331 ms MarkObjects: 2.998871 ms  DeleteObjects: 0.096297 ms)

========================================================================
Received Prepare
Registering precompiled user dll's ...
Registered in 0.001603 seconds.
Begin MonoManager ReloadAssembly
Native extension for OSXStandalone target not found
Native extension for WebGL target not found
Refreshing native plugins compatible for Editor in 0.65 ms, found 1 plugins.
Preloading 0 native plugins for Editor in 0.00 ms.
Warning: Annotation not found!
UnityEngine.StackTraceUtility:ExtractStackTrace () (at /Users/bokken/buildslave/unity/build/Runtime/Export/Scripting/StackTrace.cs:37)
UnityEditor.ProBuilder.EditorUtility:SetGizmoIconEnabled (System.Type,bool) (at Library/PackageCache/com.unity.probuilder@5.0.3/Editor/EditorCore/EditorUtility.cs:575)
UnityEditor.ProBuilder.HierarchyListener:.cctor () (at Library/PackageCache/com.unity.probuilder@5.0.3/Editor/EditorCore/HierarchyListener.cs:21)
System.Runtime.CompilerServices.RuntimeHelpers:RunClassConstructor (System.RuntimeTypeHandle)
UnityEditor.EditorAssemblies:ProcessInitializeOnLoadAttributes (System.Type[]) (at /Users/bokken/buildslave/unity/build/Editor/Mono/EditorAssemblies.cs:114)

[Library/PackageCache/com.unity.probuilder@5.0.3/Editor/EditorCore/EditorUtility.cs line 575]

Mono: successfully reloaded assembly
- Completed reload, in  1.206 seconds
Platform modules already initialized, skipping
Shader 'Universal Render Pipeline/Particles/Lit': fallback shader 'Universal Render Pipeline/Particles/SimpleLit' not found
Refreshing native plugins compatible for Editor in 0.62 ms, found 1 plugins.
Preloading 0 native plugins for Editor in 0.00 ms.
Unloading 2850 Unused Serialized files (Serialized files now loaded: 0)
System memory in use before: 223.9 MB.
System memory in use after: 224.1 MB.

Unloading 12 unused Assets to reduce memory usage. Loaded Objects now: 3452.
Total: 3.581296 ms (FindLiveObjects: 0.295849 ms CreateObjectMapping: 0.145384 ms MarkObjects: 3.029453 ms  DeleteObjects: 0.109171 ms)

========================================================================
Received Import Request.
  Time since last request: 1609.895957 seconds.
  path: Assets/Presets/AudioCompressedInMemory.preset
  artifactKey: Guid(2dd802e4d37c65149922028d3e973832) Importer(815301076,1909f56bfc062723c751e8b465ee728b)
Start importing Assets/Presets/AudioCompressedInMemory.preset using Guid(2dd802e4d37c65149922028d3e973832) Importer(815301076,1909f56bfc062723c751e8b465ee728b)  -> (artifact id: 'ac4de02398cfe62c06251b0f50233ebf') in 0.036733 seconds
  Import took 0.042638 seconds .

========================================================================
Received Import Request.
  Time since last request: 0.000231 seconds.
  path: Assets/Presets/AudioStreaming.preset
  artifactKey: Guid(86bcce7f5575b54408aa0f3a7d321039) Importer(815301076,1909f56bfc062723c751e8b465ee728b)
Start importing Assets/Presets/AudioStreaming.preset using Guid(86bcce7f5575b54408aa0f3a7d321039) Importer(815301076,1909f56bfc062723c751e8b465ee728b)  -> (artifact id: '9982fbd60bc57b892b2c54d34a0163c0') in 0.003234 seconds
  Import took 0.008721 seconds .

========================================================================
Received Import Request.
  Time since last request: 0.000236 seconds.
  path: Assets/Presets/NormalTexture.preset
  artifactKey: Guid(14a57cf3b9fa1c74b884aa7e0dcf1faa) Importer(815301076,1909f56bfc062723c751e8b465ee728b)
Start importing Assets/Presets/NormalTexture.preset using Guid(14a57cf3b9fa1c74b884aa7e0dcf1faa) Importer(815301076,1909f56bfc062723c751e8b465ee728b)  -> (artifact id: '9c195482fc53bc4f53f643643f636469') in 0.005269 seconds
  Import took 0.011242 seconds .

========================================================================
Received Import Request.
  Time since last request: 0.000212 seconds.
  path: Assets/Presets/UtilityTexture.preset
  artifactKey: Guid(45f7b2e3c78185248b3adbb14429c2ab) Importer(815301076,1909f56bfc062723c751e8b465ee728b)
Start importing Assets/Presets/UtilityTexture.preset using Guid(45f7b2e3c78185248b3adbb14429c2ab) Importer(815301076,1909f56bfc062723c751e8b465ee728b)  -> (artifact id: 'ab9c1faeeb59b745cafa0ae79c874a42') in 0.004400 seconds
  Import took 0.009700 seconds .

========================================================================
Received Import Request.
  Time since last request: 7.095454 seconds.
  path: Assets/Scripts/Drone.cs
  artifactKey: Guid(9e5250c0259f46f4f945d3fdea0b69bc) Importer(815301076,1909f56bfc062723c751e8b465ee728b)
Start importing Assets/Scripts/Drone.cs using Guid(9e5250c0259f46f4f945d3fdea0b69bc) Importer(815301076,1909f56bfc062723c751e8b465ee728b)  -> (artifact id: '55349d927cf4613a8ee9ed2ca07eeacd') in 0.063635 seconds
  Import took 0.069354 seconds .

========================================================================
Received Prepare
Registering precompiled user dll's ...
Registered in 0.001484 seconds.
Begin MonoManager ReloadAssembly
Native extension for OSXStandalone target not found
Native extension for WebGL target not found
Refreshing native plugins compatible for Editor in 0.53 ms, found 1 plugins.
Preloading 0 native plugins for Editor in 0.00 ms.
Warning: Annotation not found!
UnityEngine.StackTraceUtility:ExtractStackTrace () (at /Users/bokken/buildslave/unity/build/Runtime/Export/Scripting/StackTrace.cs:37)
UnityEditor.ProBuilder.EditorUtility:SetGizmoIconEnabled (System.Type,bool) (at Library/PackageCache/com.unity.probuilder@5.0.3/Editor/EditorCore/EditorUtility.cs:575)
UnityEditor.ProBuilder.HierarchyListener:.cctor () (at Library/PackageCache/com.unity.probuilder@5.0.3/Editor/EditorCore/HierarchyListener.cs:21)
System.Runtime.CompilerServices.RuntimeHelpers:RunClassConstructor (System.RuntimeTypeHandle)
UnityEditor.EditorAssemblies:ProcessInitializeOnLoadAttributes (System.Type[]) (at /Users/bokken/buildslave/unity/build/Editor/Mono/EditorAssemblies.cs:114)

[Library/PackageCache/com.unity.probuilder@5.0.3/Editor/EditorCore/EditorUtility.cs line 575]

Mono: successfully reloaded assembly
- Completed reload, in  1.188 seconds
Platform modules already initialized, skipping
Shader 'Universal Render Pipeline/Particles/Lit': fallback shader 'Universal Render Pipeline/Particles/SimpleLit' not found
Refreshing native plugins compatible for Editor in 0.62 ms, found 1 plugins.
Preloading 0 native plugins for Editor in 0.00 ms.
Unloading 2850 Unused Serialized files (Serialized files now loaded: 0)
System memory in use before: 229.6 MB.
System memory in use after: 229.8 MB.

Unloading 12 unused Assets to reduce memory usage. Loaded Objects now: 3455.
Total: 2.739503 ms (FindLiveObjects: 0.332331 ms CreateObjectMapping: 0.145072 ms MarkObjects: 2.188482 ms  DeleteObjects: 0.072678 ms)

========================================================================
Received Import Request.
  Time since last request: 136.420156 seconds.
  path: Assets/Scripts/Spawner.cs
  artifactKey: Guid(b47fb46d2a4238049b2935b74718b739) Importer(815301076,1909f56bfc062723c751e8b465ee728b)
Start importing Assets/Scripts/Spawner.cs using Guid(b47fb46d2a4238049b2935b74718b739) Importer(815301076,1909f56bfc062723c751e8b465ee728b)  -> (artifact id: '01121ea050df7f0bfd5233ec97419af1') in 0.004338 seconds
  Import took 0.008756 seconds .

========================================================================
Received Import Request.
  Time since last request: 86.034395 seconds.
  path: Assets/Scripts/Camera.cs
  artifactKey: Guid(680cea7f9a4de224793ed017b4ad722a) Importer(815301076,1909f56bfc062723c751e8b465ee728b)
Start importing Assets/Scripts/Camera.cs using Guid(680cea7f9a4de224793ed017b4ad722a) Importer(815301076,1909f56bfc062723c751e8b465ee728b)  -> (artifact id: 'c911436691be9430a20e16d05851cc2e') in 0.001138 seconds
  Import took 0.007831 seconds .

========================================================================
Received Prepare
Registering precompiled user dll's ...
Registered in 0.001362 seconds.
Begin MonoManager ReloadAssembly
Native extension for OSXStandalone target not found
Native extension for WebGL target not found
Refreshing native plugins compatible for Editor in 0.62 ms, found 1 plugins.
Preloading 0 native plugins for Editor in 0.00 ms.
Warning: Annotation not found!
UnityEngine.StackTraceUtility:ExtractStackTrace () (at /Users/bokken/buildslave/unity/build/Runtime/Export/Scripting/StackTrace.cs:37)
UnityEditor.ProBuilder.EditorUtility:SetGizmoIconEnabled (System.Type,bool) (at Library/PackageCache/com.unity.probuilder@5.0.3/Editor/EditorCore/EditorUtility.cs:575)
UnityEditor.ProBuilder.HierarchyListener:.cctor () (at Library/PackageCache/com.unity.probuilder@5.0.3/Editor/EditorCore/HierarchyListener.cs:21)
System.Runtime.CompilerServices.RuntimeHelpers:RunClassConstructor (System.RuntimeTypeHandle)
UnityEditor.EditorAssemblies:ProcessInitializeOnLoadAttributes (System.Type[]) (at /Users/bokken/buildslave/unity/build/Editor/Mono/EditorAssemblies.cs:114)

[Library/PackageCache/com.unity.probuilder@5.0.3/Editor/EditorCore/EditorUtility.cs line 575]

Mono: successfully reloaded assembly
- Completed reload, in  1.286 seconds
Platform modules already initialized, skipping
Shader 'Universal Render Pipeline/Particles/Lit': fallback shader 'Universal Render Pipeline/Particles/SimpleLit' not found
Refreshing native plugins compatible for Editor in 0.62 ms, found 1 plugins.
Preloading 0 native plugins for Editor in 0.00 ms.
Unloading 2850 Unused Serialized files (Serialized files now loaded: 0)
System memory in use before: 229.9 MB.
System memory in use after: 230.1 MB.

Unloading 12 unused Assets to reduce memory usage. Loaded Objects now: 3458.
Total: 2.825780 ms (FindLiveObjects: 0.366243 ms CreateObjectMapping: 0.132920 ms MarkObjects: 2.251760 ms  DeleteObjects: 0.073941 ms)

========================================================================
Received Import Request.
  Time since last request: 14.055344 seconds.
  path: Assets/Scripts/CameraScript.cs
  artifactKey: Guid(680cea7f9a4de224793ed017b4ad722a) Importer(815301076,1909f56bfc062723c751e8b465ee728b)
Start importing Assets/Scripts/CameraScript.cs using Guid(680cea7f9a4de224793ed017b4ad722a) Importer(815301076,1909f56bfc062723c751e8b465ee728b)  -> (artifact id: 'd44690f172034aef953c4520c47e344b') in 0.005600 seconds
  Import took 0.011758 seconds .

========================================================================
Received Prepare
Registering precompiled user dll's ...
Registered in 0.001315 seconds.
Begin MonoManager ReloadAssembly
Native extension for OSXStandalone target not found
Native extension for WebGL target not found
Refreshing native plugins compatible for Editor in 0.58 ms, found 1 plugins.
Preloading 0 native plugins for Editor in 0.00 ms.
Warning: Annotation not found!
UnityEngine.StackTraceUtility:ExtractStackTrace () (at /Users/bokken/buildslave/unity/build/Runtime/Export/Scripting/StackTrace.cs:37)
UnityEditor.ProBuilder.EditorUtility:SetGizmoIconEnabled (System.Type,bool) (at Library/PackageCache/com.unity.probuilder@5.0.3/Editor/EditorCore/EditorUtility.cs:575)
UnityEditor.ProBuilder.HierarchyListener:.cctor () (at Library/PackageCache/com.unity.probuilder@5.0.3/Editor/EditorCore/HierarchyListener.cs:21)
System.Runtime.CompilerServices.RuntimeHelpers:RunClassConstructor (System.RuntimeTypeHandle)
UnityEditor.EditorAssemblies:ProcessInitializeOnLoadAttributes (System.Type[]) (at /Users/bokken/buildslave/unity/build/Editor/Mono/EditorAssemblies.cs:114)

[Library/PackageCache/com.unity.probuilder@5.0.3/Editor/EditorCore/EditorUtility.cs line 575]

Mono: successfully reloaded assembly
- Completed reload, in  1.259 seconds
Platform modules already initialized, skipping
Shader 'Universal Render Pipeline/Particles/Lit': fallback shader 'Universal Render Pipeline/Particles/SimpleLit' not found
Refreshing native plugins compatible for Editor in 0.55 ms, found 1 plugins.
Preloading 0 native plugins for Editor in 0.00 ms.
Unloading 2850 Unused Serialized files (Serialized files now loaded: 0)
System memory in use before: 230.2 MB.
System memory in use after: 230.4 MB.

Unloading 12 unused Assets to reduce memory usage. Loaded Objects now: 3461.
Total: 4.291026 ms (FindLiveObjects: 0.434318 ms CreateObjectMapping: 0.192735 ms MarkObjects: 3.494311 ms  DeleteObjects: 0.168669 ms)

========================================================================
Received Import Request.
  Time since last request: 1128.784321 seconds.
  path: Assets/Scripts/CameraScript.cs
  artifactKey: Guid(680cea7f9a4de224793ed017b4ad722a) Importer(815301076,1909f56bfc062723c751e8b465ee728b)
Start importing Assets/Scripts/CameraScript.cs using Guid(680cea7f9a4de224793ed017b4ad722a) Importer(815301076,1909f56bfc062723c751e8b465ee728b)  -> (artifact id: 'c03909d3616eb788625ed08443b8c3e5') in 0.005581 seconds
  Import took 0.011655 seconds .

========================================================================
Received Prepare
Registering precompiled user dll's ...
Registered in 0.001371 seconds.
Begin MonoManager ReloadAssembly
Native extension for OSXStandalone target not found
Native extension for WebGL target not found
Refreshing native plugins compatible for Editor in 0.53 ms, found 1 plugins.
Preloading 0 native plugins for Editor in 0.00 ms.
Warning: Annotation not found!
UnityEngine.StackTraceUtility:ExtractStackTrace () (at /Users/bokken/buildslave/unity/build/Runtime/Export/Scripting/StackTrace.cs:37)
UnityEditor.ProBuilder.EditorUtility:SetGizmoIconEnabled (System.Type,bool) (at Library/PackageCache/com.unity.probuilder@5.0.3/Editor/EditorCore/EditorUtility.cs:575)
UnityEditor.ProBuilder.HierarchyListener:.cctor () (at Library/PackageCache/com.unity.probuilder@5.0.3/Editor/EditorCore/HierarchyListener.cs:21)
System.Runtime.CompilerServices.RuntimeHelpers:RunClassConstructor (System.RuntimeTypeHandle)
UnityEditor.EditorAssemblies:ProcessInitializeOnLoadAttributes (System.Type[]) (at /Users/bokken/buildslave/unity/build/Editor/Mono/EditorAssemblies.cs:114)

[Library/PackageCache/com.unity.probuilder@5.0.3/Editor/EditorCore/EditorUtility.cs line 575]

Mono: successfully reloaded assembly
- Completed reload, in  1.144 seconds
Platform modules already initialized, skipping
Shader 'Universal Render Pipeline/Particles/Lit': fallback shader 'Universal Render Pipeline/Particles/SimpleLit' not found
Refreshing native plugins compatible for Editor in 0.65 ms, found 1 plugins.
Preloading 0 native plugins for Editor in 0.00 ms.
Unloading 2850 Unused Serialized files (Serialized files now loaded: 0)
System memory in use before: 230.5 MB.
System memory in use after: 230.7 MB.

Unloading 12 unused Assets to reduce memory usage. Loaded Objects now: 3464.
Total: 2.941209 ms (FindLiveObjects: 0.306738 ms CreateObjectMapping: 0.148293 ms MarkObjects: 2.409049 ms  DeleteObjects: 0.075760 ms)

========================================================================
Received Import Request.
  Time since last request: 902.345818 seconds.
  path: Assets/Environment Models/Medieval_Village/Mods/Medieval_Chimney_Small.FBX
  artifactKey: Guid(5117415101b4ca34eb06f6c4ccdd33b1) Importer(815301076,1909f56bfc062723c751e8b465ee728b)
Start importing Assets/Environment Models/Medieval_Village/Mods/Medieval_Chimney_Small.FBX using Guid(5117415101b4ca34eb06f6c4ccdd33b1) Importer(815301076,1909f56bfc062723c751e8b465ee728b)  -> (artifact id: 'f1998e68a714ffdbf1d0d940a4f977c6') in 1.639032 seconds
  Import took 1.644998 seconds .

========================================================================
Received Import Request.
  Time since last request: 0.000210 seconds.
  path: Assets/Environment Models/Medieval_Village/Mods/Medieval_StoneFloor_D.FBX
  artifactKey: Guid(2dcd574a02b4caf4c8a1a2c426f2721b) Importer(815301076,1909f56bfc062723c751e8b465ee728b)
Start importing Assets/Environment Models/Medieval_Village/Mods/Medieval_StoneFloor_D.FBX using Guid(2dcd574a02b4caf4c8a1a2c426f2721b) Importer(815301076,1909f56bfc062723c751e8b465ee728b)  -> (artifact id: '2a042a3fd8a9872c48c99731def8a0ce') in 0.104176 seconds
  Import took 0.110508 seconds .

========================================================================
Received Import Request.
  Time since last request: 0.000246 seconds.
  path: Assets/Environment Models/Medieval_Village/Mods/Medieval_Chimney_Small_Half.FBX
  artifactKey: Guid(985240cdcfb744f498f897c7affab12c) Importer(815301076,1909f56bfc062723c751e8b465ee728b)
Start importing Assets/Environment Models/Medieval_Village/Mods/Medieval_Chimney_Small_Half.FBX using Guid(985240cdcfb744f498f897c7affab12c) Importer(815301076,1909f56bfc062723c751e8b465ee728b)  -> (artifact id: 'da90913a89fd59d7aed434e5a0a7ab51') in 0.080462 seconds
  Import took 0.086324 seconds .

========================================================================
Received Import Request.
  Time since last request: 0.000233 seconds.
  path: Assets/Environment Models/Medieval_Village/Mods/Medieval_Foliage_IvyVines.FBX
  artifactKey: Guid(e76d94a405b39a54682588c753f5bb83) Importer(815301076,1909f56bfc062723c751e8b465ee728b)
Start importing Assets/Environment Models/Medieval_Village/Mods/Medieval_Foliage_IvyVines.FBX using Guid(e76d94a405b39a54682588c753f5bb83) Importer(815301076,1909f56bfc062723c751e8b465ee728b)  -> (artifact id: 'dc8af953ba0a071df14c605715eca3d0') in 0.520314 seconds
  Import took 0.526128 seconds .

========================================================================
Received Import Request.
  Time since last request: 0.000205 seconds.
  path: Assets/Environment Models/Medieval_Village/Mods/Medieval_RoofTiles_TopCorner.FBX
  artifactKey: Guid(6ad49aa469aecae4aac7194e5450ee35) Importer(815301076,1909f56bfc062723c751e8b465ee728b)
Start importing Assets/Environment Models/Medieval_Village/Mods/Medieval_RoofTiles_TopCorner.FBX using Guid(6ad49aa469aecae4aac7194e5450ee35) Importer(815301076,1909f56bfc062723c751e8b465ee728b)  -> (artifact id: '18cf335da5eb8487bdc13af0ff14e4eb') in 0.086205 seconds
  Import took 0.092020 seconds .

========================================================================
Received Import Request.
  Time since last request: 0.000236 seconds.
  path: Assets/Environment Models/Medieval_Village/Mods/Medieval_RoofWall_MedA.FBX
  artifactKey: Guid(32a98b25cba5f6e4e90c2f9c75531fb0) Importer(815301076,1909f56bfc062723c751e8b465ee728b)
Start importing Assets/Environment Models/Medieval_Village/Mods/Medieval_RoofWall_MedA.FBX using Guid(32a98b25cba5f6e4e90c2f9c75531fb0) Importer(815301076,1909f56bfc062723c751e8b465ee728b)  -> (artifact id: 'f2dee4c917a4695b7ef1d4e967538d85') in 0.112863 seconds
  Import took 0.118930 seconds .

========================================================================
Received Import Request.
  Time since last request: 0.000329 seconds.
  path: Assets/Environment Models/Medieval_Village/Mods/Medieval_Assembly_Rock_C.FBX
  artifactKey: Guid(816c2e83b9868a64ab396ca8c2830b18) Importer(815301076,1909f56bfc062723c751e8b465ee728b)
Start importing Assets/Environment Models/Medieval_Village/Mods/Medieval_Assembly_Rock_C.FBX using Guid(816c2e83b9868a64ab396ca8c2830b18) Importer(815301076,1909f56bfc062723c751e8b465ee728b)  -> (artifact id: 'a08b3c5cf8f12765b88401d4cad84396') in 0.080515 seconds
  Import took 0.086772 seconds .

========================================================================
Received Import Request.
  Time since last request: 0.000229 seconds.
  path: Assets/Environment Models/Medieval_Village/Mods/Medieval_StoneFloor_E.FBX
  artifactKey: Guid(a2437e9d52f873b49af4ba67cef60ca2) Importer(815301076,1909f56bfc062723c751e8b465ee728b)
Start importing Assets/Environment Models/Medieval_Village/Mods/Medieval_StoneFloor_E.FBX using Guid(a2437e9d52f873b49af4ba67cef60ca2) Importer(815301076,1909f56bfc062723c751e8b465ee728b)  -> (artifact id: 'b16a7ea69377134fa334bedab2235266') in 0.052057 seconds
  Import took 0.058106 seconds .

========================================================================
Received Import Request.
  Time since last request: 7.963936 seconds.
  path: Assets/Environment Models/Medieval_Village/Documentation/ASTROFISH GAMES_Get creative with us on our Discord! Follow the link in 'Discord.txt'.prefab
  artifactKey: Guid(dd2464e4250b49040ae537c9a60429aa) Importer(815301076,1909f56bfc062723c751e8b465ee728b)
Start importing Assets/Environment Models/Medieval_Village/Documentation/ASTROFISH GAMES_Get creative with us on our Discord! Follow the link in 'Discord.txt'.prefab using Guid(dd2464e4250b49040ae537c9a60429aa) Importer(815301076,1909f56bfc062723c751e8b465ee728b)  -> (artifact id: 'fdf01d03ddba6b8ef725f9cc98ed5a8c') in 0.089554 seconds
  Import took 0.095060 seconds .

========================================================================
Received Import Request.
  Time since last request: 0.000290 seconds.
  path: Assets/Environment Models/Medieval_Village/AstroCommon/Default_Materials/Materials/AstrofishGamesDiscord.png
  artifactKey: Guid(ae2631e12ef5d484391568bf3eea13fb) Importer(815301076,1909f56bfc062723c751e8b465ee728b)
Start importing Assets/Environment Models/Medieval_Village/AstroCommon/Default_Materials/Materials/AstrofishGamesDiscord.png using Guid(ae2631e12ef5d484391568bf3eea13fb) Importer(815301076,1909f56bfc062723c751e8b465ee728b)  -> (artifact id: '10cf60927236e8bc39500461d0091332') in 0.212802 seconds
  Import took 0.218653 seconds .

========================================================================
Received Import Request.
  Time since last request: 0.000292 seconds.
  path: Assets/Environment Models/Viking Village/Models/Props/prop_scaffold_01.fbx
  artifactKey: Guid(816dd4e12137b7e4c9c77561996d31aa) Importer(815301076,1909f56bfc062723c751e8b465ee728b)
Start importing Assets/Environment Models/Viking Village/Models/Props/prop_scaffold_01.fbx using Guid(816dd4e12137b7e4c9c77561996d31aa) Importer(815301076,1909f56bfc062723c751e8b465ee728b)  -> (artifact id: '695002d54f848b08bfe156e960e0fd0f') in 0.099245 seconds
  Import took 0.105024 seconds .

========================================================================
Received Import Request.
  Time since last request: 0.000378 seconds.
  path: Assets/Environment Models/ExampleAssets/Models/Workbench.fbx
  artifactKey: Guid(efe9381559c516743bd05cef82f39ebb) Importer(815301076,1909f56bfc062723c751e8b465ee728b)
Start importing Assets/Environment Models/ExampleAssets/Models/Workbench.fbx using Guid(efe9381559c516743bd05cef82f39ebb) Importer(815301076,1909f56bfc062723c751e8b465ee728b)  -> (artifact id: '97217d6a54e6f9fecd2c544f104457ed') in 0.159868 seconds
  Import took 0.165668 seconds .

========================================================================
Received Import Request.
  Time since last request: 0.000219 seconds.
  path: Assets/Presets/Defaults/AudioDecompressOnLoad.preset
  artifactKey: Guid(e7689051185d12f4298e1ebb2693a29f) Importer(815301076,1909f56bfc062723c751e8b465ee728b)
Start importing Assets/Presets/Defaults/AudioDecompressOnLoad.preset using Guid(e7689051185d12f4298e1ebb2693a29f) Importer(815301076,1909f56bfc062723c751e8b465ee728b)  -> (artifact id: '89d1cf06e67cef88edace491fed66d7e') in 0.003695 seconds
  Import took 0.009521 seconds .

========================================================================
Received Import Request.
  Time since last request: 0.000262 seconds.
  path: Assets/Environment Models/Medieval_Village/AstroCommon/Default_Materials/Materials/AstrofishGamesDiscord_Info.mat
  artifactKey: Guid(011ea9f10944e8d42ba919e1b46faeef) Importer(815301076,1909f56bfc062723c751e8b465ee728b)
Start importing Assets/Environment Models/Medieval_Village/AstroCommon/Default_Materials/Materials/AstrofishGamesDiscord_Info.mat using Guid(011ea9f10944e8d42ba919e1b46faeef) Importer(815301076,1909f56bfc062723c751e8b465ee728b)  -> (artifact id: 'a327d027b4cef00cfcc3beaffc7d36aa') in 0.051894 seconds
  Import took 0.059730 seconds .

========================================================================
Received Import Request.
  Time since last request: 0.000253 seconds.
  path: Assets/Environment Models/Viking Village/Models/Buildings/build_boat_01.FBX
  artifactKey: Guid(c0e3cc442127dbd49821a91bcca81459) Importer(815301076,1909f56bfc062723c751e8b465ee728b)
Start importing Assets/Environment Models/Viking Village/Models/Buildings/build_boat_01.FBX using Guid(c0e3cc442127dbd49821a91bcca81459) Importer(815301076,1909f56bfc062723c751e8b465ee728b)  -> (artifact id: 'bb96e96ef4b00d4293b0522b46fb38d6') in 0.116146 seconds
  Import took 0.123420 seconds .

========================================================================
Received Import Request.
  Time since last request: 0.000257 seconds.
  path: Assets/Environment Models/Viking Village/Models/Buildings/build_boat_01_low.FBX
  artifactKey: Guid(667cb25aa82724e06beab05368c07b11) Importer(815301076,1909f56bfc062723c751e8b465ee728b)
Start importing Assets/Environment Models/Viking Village/Models/Buildings/build_boat_01_low.FBX using Guid(667cb25aa82724e06beab05368c07b11) Importer(815301076,1909f56bfc062723c751e8b465ee728b)  -> (artifact id: '70935c5b7509f97927b03cad421b30ea') in 0.208400 seconds
  Import took 0.215869 seconds .

========================================================================
Received Prepare
Registering precompiled user dll's ...
Registered in 0.003293 seconds.
Begin MonoManager ReloadAssembly
Native extension for OSXStandalone target not found
Native extension for WebGL target not found
Refreshing native plugins compatible for Editor in 1.60 ms, found 1 plugins.
Preloading 0 native plugins for Editor in 0.00 ms.
Warning: Annotation not found!
UnityEngine.StackTraceUtility:ExtractStackTrace () (at /Users/bokken/buildslave/unity/build/Runtime/Export/Scripting/StackTrace.cs:37)
UnityEditor.ProBuilder.EditorUtility:SetGizmoIconEnabled (System.Type,bool) (at Library/PackageCache/com.unity.probuilder@5.0.3/Editor/EditorCore/EditorUtility.cs:575)
UnityEditor.ProBuilder.HierarchyListener:.cctor () (at Library/PackageCache/com.unity.probuilder@5.0.3/Editor/EditorCore/HierarchyListener.cs:21)
System.Runtime.CompilerServices.RuntimeHelpers:RunClassConstructor (System.RuntimeTypeHandle)
UnityEditor.EditorAssemblies:ProcessInitializeOnLoadAttributes (System.Type[]) (at /Users/bokken/buildslave/unity/build/Editor/Mono/EditorAssemblies.cs:114)

[Library/PackageCache/com.unity.probuilder@5.0.3/Editor/EditorCore/EditorUtility.cs line 575]

Mono: successfully reloaded assembly
- Completed reload, in  4.349 seconds
Platform modules already initialized, skipping
Shader 'Universal Render Pipeline/Particles/Lit': fallback shader 'Universal Render Pipeline/Particles/SimpleLit' not found
Refreshing native plugins compatible for Editor in 1.21 ms, found 1 plugins.
Preloading 0 native plugins for Editor in 0.00 ms.
Unloading 2850 Unused Serialized files (Serialized files now loaded: 0)
System memory in use before: 261.1 MB.
System memory in use after: 261.3 MB.

Unloading 12 unused Assets to reduce memory usage. Loaded Objects now: 3552.
Total: 7.754135 ms (FindLiveObjects: 0.648201 ms CreateObjectMapping: 0.367579 ms MarkObjects: 6.522985 ms  DeleteObjects: 0.212370 ms)

